{"c:\\Users\\Viktor\\Desktop\\github\\esrol-initializer\\index.js":{"path":"c:\\Users\\Viktor\\Desktop\\github\\esrol-initializer\\index.js","s":{"1":1},"b":{},"f":{},"fnMap":{},"statementMap":{"1":{"start":{"line":2,"column":0},"end":{"line":2,"column":47}}},"branchMap":{}},"c:\\Users\\Viktor\\Desktop\\github\\esrol-initializer\\lib\\initializer.js":{"path":"c:\\Users\\Viktor\\Desktop\\github\\esrol-initializer\\lib\\initializer.js","s":{"1":1,"2":1,"3":1,"4":2,"5":2,"6":1,"7":1,"8":1,"9":9,"10":1,"11":8,"12":3,"13":5,"14":1,"15":4,"16":4,"17":4,"18":2,"19":2,"20":4,"21":4,"22":4,"23":4,"24":1,"25":3,"26":4,"27":1,"28":3,"29":1,"30":1,"31":4,"32":4,"33":2,"34":2,"35":1,"36":2,"37":2,"38":2,"39":2,"40":2,"41":2,"42":2,"43":2,"44":4,"45":4,"46":2,"47":2},"b":{"1":[1,1],"2":[1,8],"3":[3,5],"4":[1,4],"5":[1,3],"6":[1,3],"7":[4,4],"8":[2,2],"9":[1,1]},"f":{"1":2,"2":2,"3":9,"4":2,"5":4,"6":4,"7":4,"8":1,"9":4,"10":2,"11":2,"12":2,"13":2,"14":4,"15":2},"fnMap":{"1":{"name":"(anonymous_1)","line":22,"loc":{"start":{"line":22,"column":13},"end":{"line":22,"column":16}}},"2":{"name":"(anonymous_2)","line":35,"loc":{"start":{"line":35,"column":13},"end":{"line":35,"column":18}}},"3":{"name":"(anonymous_3)","line":53,"loc":{"start":{"line":53,"column":19},"end":{"line":53,"column":31}}},"4":{"name":"(anonymous_4)","line":73,"loc":{"start":{"line":73,"column":23},"end":{"line":73,"column":26}}},"5":{"name":"(anonymous_5)","line":87,"loc":{"start":{"line":87,"column":23},"end":{"line":87,"column":35}}},"6":{"name":"(anonymous_6)","line":99,"loc":{"start":{"line":99,"column":19},"end":{"line":99,"column":48}}},"7":{"name":"(anonymous_7)","line":114,"loc":{"start":{"line":114,"column":25},"end":{"line":114,"column":54}}},"8":{"name":"(anonymous_8)","line":128,"loc":{"start":{"line":128,"column":30},"end":{"line":128,"column":40}}},"9":{"name":"(anonymous_9)","line":140,"loc":{"start":{"line":140,"column":22},"end":{"line":140,"column":25}}},"10":{"name":"(anonymous_10)","line":152,"loc":{"start":{"line":152,"column":16},"end":{"line":152,"column":19}}},"11":{"name":"(anonymous_11)","line":163,"loc":{"start":{"line":163,"column":15},"end":{"line":163,"column":18}}},"12":{"name":"(anonymous_12)","line":174,"loc":{"start":{"line":174,"column":10},"end":{"line":174,"column":13}}},"13":{"name":"(anonymous_13)","line":183,"loc":{"start":{"line":183,"column":23},"end":{"line":183,"column":26}}},"14":{"name":"(anonymous_14)","line":195,"loc":{"start":{"line":195,"column":17},"end":{"line":195,"column":20}}},"15":{"name":"(anonymous_15)","line":206,"loc":{"start":{"line":206,"column":17},"end":{"line":206,"column":20}}}},"statementMap":{"1":{"start":{"line":11,"column":0},"end":{"line":11,"column":37}},"2":{"start":{"line":12,"column":0},"end":{"line":12,"column":44}},"3":{"start":{"line":14,"column":0},"end":{"line":223,"column":2}},"4":{"start":{"line":23,"column":4},"end":{"line":23,"column":25}},"5":{"start":{"line":36,"column":4},"end":{"line":38,"column":5}},"6":{"start":{"line":37,"column":6},"end":{"line":37,"column":50}},"7":{"start":{"line":39,"column":4},"end":{"line":39,"column":37}},"8":{"start":{"line":40,"column":4},"end":{"line":40,"column":16}},"9":{"start":{"line":54,"column":4},"end":{"line":56,"column":5}},"10":{"start":{"line":55,"column":6},"end":{"line":55,"column":57}},"11":{"start":{"line":57,"column":4},"end":{"line":59,"column":5}},"12":{"start":{"line":58,"column":6},"end":{"line":58,"column":79}},"13":{"start":{"line":60,"column":4},"end":{"line":62,"column":5}},"14":{"start":{"line":61,"column":6},"end":{"line":61,"column":81}},"15":{"start":{"line":63,"column":4},"end":{"line":63,"column":37}},"16":{"start":{"line":64,"column":4},"end":{"line":64,"column":27}},"17":{"start":{"line":65,"column":4},"end":{"line":65,"column":16}},"18":{"start":{"line":74,"column":4},"end":{"line":74,"column":41}},"19":{"start":{"line":75,"column":4},"end":{"line":77,"column":5}},"20":{"start":{"line":76,"column":6},"end":{"line":76,"column":68}},"21":{"start":{"line":88,"column":4},"end":{"line":88,"column":56}},"22":{"start":{"line":89,"column":4},"end":{"line":89,"column":44}},"23":{"start":{"line":100,"column":4},"end":{"line":102,"column":5}},"24":{"start":{"line":101,"column":6},"end":{"line":101,"column":75}},"25":{"start":{"line":103,"column":4},"end":{"line":103,"column":32}},"26":{"start":{"line":115,"column":4},"end":{"line":118,"column":5}},"27":{"start":{"line":117,"column":6},"end":{"line":117,"column":18}},"28":{"start":{"line":119,"column":4},"end":{"line":119,"column":17}},"29":{"start":{"line":129,"column":4},"end":{"line":131,"column":7}},"30":{"start":{"line":130,"column":6},"end":{"line":130,"column":34}},"31":{"start":{"line":141,"column":4},"end":{"line":141,"column":31}},"32":{"start":{"line":142,"column":4},"end":{"line":144,"column":5}},"33":{"start":{"line":143,"column":6},"end":{"line":143,"column":28}},"34":{"start":{"line":153,"column":4},"end":{"line":155,"column":5}},"35":{"start":{"line":154,"column":6},"end":{"line":154,"column":36}},"36":{"start":{"line":164,"column":4},"end":{"line":164,"column":33}},"37":{"start":{"line":165,"column":4},"end":{"line":165,"column":20}},"38":{"start":{"line":166,"column":4},"end":{"line":166,"column":27}},"39":{"start":{"line":175,"column":4},"end":{"line":175,"column":32}},"40":{"start":{"line":184,"column":4},"end":{"line":184,"column":33}},"41":{"start":{"line":185,"column":4},"end":{"line":185,"column":22}},"42":{"start":{"line":186,"column":4},"end":{"line":186,"column":26}},"43":{"start":{"line":187,"column":4},"end":{"line":187,"column":39}},"44":{"start":{"line":196,"column":4},"end":{"line":198,"column":7}},"45":{"start":{"line":197,"column":6},"end":{"line":197,"column":37}},"46":{"start":{"line":207,"column":4},"end":{"line":214,"column":6}},"47":{"start":{"line":215,"column":4},"end":{"line":220,"column":6}}},"branchMap":{"1":{"line":36,"type":"if","locations":[{"start":{"line":36,"column":4},"end":{"line":36,"column":4}},{"start":{"line":36,"column":4},"end":{"line":36,"column":4}}]},"2":{"line":54,"type":"if","locations":[{"start":{"line":54,"column":4},"end":{"line":54,"column":4}},{"start":{"line":54,"column":4},"end":{"line":54,"column":4}}]},"3":{"line":57,"type":"if","locations":[{"start":{"line":57,"column":4},"end":{"line":57,"column":4}},{"start":{"line":57,"column":4},"end":{"line":57,"column":4}}]},"4":{"line":60,"type":"if","locations":[{"start":{"line":60,"column":4},"end":{"line":60,"column":4}},{"start":{"line":60,"column":4},"end":{"line":60,"column":4}}]},"5":{"line":100,"type":"if","locations":[{"start":{"line":100,"column":4},"end":{"line":100,"column":4}},{"start":{"line":100,"column":4},"end":{"line":100,"column":4}}]},"6":{"line":115,"type":"if","locations":[{"start":{"line":115,"column":4},"end":{"line":115,"column":4}},{"start":{"line":115,"column":4},"end":{"line":115,"column":4}}]},"7":{"line":115,"type":"binary-expr","locations":[{"start":{"line":115,"column":8},"end":{"line":115,"column":34}},{"start":{"line":116,"column":9},"end":{"line":116,"column":62}}]},"8":{"line":142,"type":"if","locations":[{"start":{"line":142,"column":4},"end":{"line":142,"column":4}},{"start":{"line":142,"column":4},"end":{"line":142,"column":4}}]},"9":{"line":153,"type":"if","locations":[{"start":{"line":153,"column":4},"end":{"line":153,"column":4}},{"start":{"line":153,"column":4},"end":{"line":153,"column":4}}]}}}}