TN:
SF:c:\Users\Viktor\Desktop\github\esrol-initializer\index.js
FNF:0
FNH:0
DA:2,1
LF:1
LH:1
BRF:0
BRH:0
end_of_record
TN:
SF:c:\Users\Viktor\Desktop\github\esrol-initializer\lib\initializer.js
FN:22,(anonymous_1)
FN:35,(anonymous_2)
FN:53,(anonymous_3)
FN:73,(anonymous_4)
FN:87,(anonymous_5)
FN:99,(anonymous_6)
FN:114,(anonymous_7)
FN:128,(anonymous_8)
FN:140,(anonymous_9)
FN:152,(anonymous_10)
FN:163,(anonymous_11)
FN:174,(anonymous_12)
FN:183,(anonymous_13)
FN:195,(anonymous_14)
FN:206,(anonymous_15)
FNF:15
FNH:15
FNDA:2,(anonymous_1)
FNDA:2,(anonymous_2)
FNDA:9,(anonymous_3)
FNDA:2,(anonymous_4)
FNDA:4,(anonymous_5)
FNDA:4,(anonymous_6)
FNDA:4,(anonymous_7)
FNDA:1,(anonymous_8)
FNDA:4,(anonymous_9)
FNDA:2,(anonymous_10)
FNDA:2,(anonymous_11)
FNDA:2,(anonymous_12)
FNDA:2,(anonymous_13)
FNDA:4,(anonymous_14)
FNDA:2,(anonymous_15)
DA:11,1
DA:12,1
DA:14,1
DA:23,2
DA:36,2
DA:37,1
DA:39,1
DA:40,1
DA:54,9
DA:55,1
DA:57,8
DA:58,3
DA:60,5
DA:61,1
DA:63,4
DA:64,4
DA:65,4
DA:74,2
DA:75,2
DA:76,4
DA:88,4
DA:89,4
DA:100,4
DA:101,1
DA:103,3
DA:115,4
DA:117,1
DA:119,3
DA:129,1
DA:130,1
DA:141,4
DA:142,4
DA:143,2
DA:153,2
DA:154,1
DA:164,2
DA:165,2
DA:166,2
DA:175,2
DA:184,2
DA:185,2
DA:186,2
DA:187,2
DA:196,4
DA:197,4
DA:207,2
DA:215,2
LF:47
LH:47
BRDA:36,1,0,1
BRDA:36,1,1,1
BRDA:54,2,0,1
BRDA:54,2,1,8
BRDA:57,3,0,3
BRDA:57,3,1,5
BRDA:60,4,0,1
BRDA:60,4,1,4
BRDA:100,5,0,1
BRDA:100,5,1,3
BRDA:115,6,0,1
BRDA:115,6,1,3
BRDA:115,7,0,4
BRDA:115,7,1,4
BRDA:142,8,0,2
BRDA:142,8,1,2
BRDA:153,9,0,1
BRDA:153,9,1,1
BRF:18
BRH:18
end_of_record
